INFO:     Will watch for changes in these directories: ['/Users/joereynold/Downloads/j/LMS_pro/backend']
INFO:     Uvicorn running on http://127.0.0.1:8000 (Press CTRL+C to quit)
INFO:     Started reloader process [33754] using WatchFiles
INFO:app.services.embedding_service:Loading embedding model from local path: /Users/joereynold/Downloads/j/LMS_pro/backend/ml_models/all-MiniLM-L6-v2
INFO:sentence_transformers.SentenceTransformer:Use pytorch device_name: mps
INFO:sentence_transformers.SentenceTransformer:Load pretrained SentenceTransformer: /Users/joereynold/Downloads/j/LMS_pro/backend/ml_models/all-MiniLM-L6-v2
INFO:app.services.embedding_service:Loaded embedding model: all-MiniLM-L6-v2
INFO:app.services.vector_store:Initialized ChromaDB at /Users/joereynold/Downloads/j/LMS_pro/backend/data/chroma_data
INFO:app.services.embedding_service:Loading embedding model from local path: /Users/joereynold/Downloads/j/LMS_pro/backend/ml_models/all-MiniLM-L6-v2
INFO:sentence_transformers.SentenceTransformer:Use pytorch device_name: mps
INFO:sentence_transformers.SentenceTransformer:Load pretrained SentenceTransformer: /Users/joereynold/Downloads/j/LMS_pro/backend/ml_models/all-MiniLM-L6-v2
INFO:app.services.embedding_service:Loaded embedding model: all-MiniLM-L6-v2
INFO:app.services.vector_store:Initialized ChromaDB at /Users/joereynold/Downloads/j/LMS_pro/backend/data/chroma_data
INFO:app.services.embedding_service:Loading embedding model from local path: /Users/joereynold/Downloads/j/LMS_pro/backend/ml_models/all-MiniLM-L6-v2
INFO:sentence_transformers.SentenceTransformer:Use pytorch device_name: mps
INFO:sentence_transformers.SentenceTransformer:Load pretrained SentenceTransformer: /Users/joereynold/Downloads/j/LMS_pro/backend/ml_models/all-MiniLM-L6-v2
INFO:app.services.embedding_service:Loaded embedding model: all-MiniLM-L6-v2
INFO:app.services.vector_store:Initialized ChromaDB at /Users/joereynold/Downloads/j/LMS_pro/backend/data/chroma_data
INFO:app.services.vector_store:Initialized ChromaDB at /Users/joereynold/Downloads/j/LMS_pro/backend/data/chroma_data
INFO:app.services.vector_store:Initialized ChromaDB at /Users/joereynold/Downloads/j/LMS_pro/backend/data/chroma_data
INFO:app.services.embedding_service:Loading embedding model from local path: /Users/joereynold/Downloads/j/LMS_pro/backend/ml_models/all-MiniLM-L6-v2
INFO:sentence_transformers.SentenceTransformer:Use pytorch device_name: mps
INFO:sentence_transformers.SentenceTransformer:Load pretrained SentenceTransformer: /Users/joereynold/Downloads/j/LMS_pro/backend/ml_models/all-MiniLM-L6-v2
INFO:app.services.embedding_service:Loaded embedding model: all-MiniLM-L6-v2
INFO:app.services.embedding_service:Loading embedding model from local path: /Users/joereynold/Downloads/j/LMS_pro/backend/ml_models/all-MiniLM-L6-v2
INFO:sentence_transformers.SentenceTransformer:Use pytorch device_name: mps
INFO:sentence_transformers.SentenceTransformer:Load pretrained SentenceTransformer: /Users/joereynold/Downloads/j/LMS_pro/backend/ml_models/all-MiniLM-L6-v2
INFO:app.services.embedding_service:Loaded embedding model: all-MiniLM-L6-v2
INFO:app.services.vector_store:Initialized ChromaDB at /Users/joereynold/Downloads/j/LMS_pro/backend/data/chroma_data
INFO:app.services.embedding_service:Loading embedding model from local path: /Users/joereynold/Downloads/j/LMS_pro/backend/ml_models/all-MiniLM-L6-v2
INFO:sentence_transformers.SentenceTransformer:Use pytorch device_name: mps
INFO:sentence_transformers.SentenceTransformer:Load pretrained SentenceTransformer: /Users/joereynold/Downloads/j/LMS_pro/backend/ml_models/all-MiniLM-L6-v2
INFO:app.services.embedding_service:Loaded embedding model: all-MiniLM-L6-v2
INFO:app.services.vector_store:Initialized ChromaDB at /Users/joereynold/Downloads/j/LMS_pro/backend/data/chroma_data
INFO:app.services.embedding_service:Loading embedding model from local path: /Users/joereynold/Downloads/j/LMS_pro/backend/ml_models/all-MiniLM-L6-v2
INFO:sentence_transformers.SentenceTransformer:Use pytorch device_name: mps
INFO:sentence_transformers.SentenceTransformer:Load pretrained SentenceTransformer: /Users/joereynold/Downloads/j/LMS_pro/backend/ml_models/all-MiniLM-L6-v2
INFO:app.services.embedding_service:Loaded embedding model: all-MiniLM-L6-v2
INFO:app.services.vector_store:Initialized ChromaDB at /Users/joereynold/Downloads/j/LMS_pro/backend/data/chroma_data
INFO:app.services.embedding_service:Loading embedding model from local path: /Users/joereynold/Downloads/j/LMS_pro/backend/ml_models/all-MiniLM-L6-v2
INFO:sentence_transformers.SentenceTransformer:Use pytorch device_name: mps
INFO:sentence_transformers.SentenceTransformer:Load pretrained SentenceTransformer: /Users/joereynold/Downloads/j/LMS_pro/backend/ml_models/all-MiniLM-L6-v2
INFO:app.services.embedding_service:Loaded embedding model: all-MiniLM-L6-v2
INFO:app.services.vector_store:Initialized ChromaDB at /Users/joereynold/Downloads/j/LMS_pro/backend/data/chroma_data
INFO:app.services.embedding_service:Loading embedding model from local path: /Users/joereynold/Downloads/j/LMS_pro/backend/ml_models/all-MiniLM-L6-v2
INFO:sentence_transformers.SentenceTransformer:Use pytorch device_name: mps
INFO:sentence_transformers.SentenceTransformer:Load pretrained SentenceTransformer: /Users/joereynold/Downloads/j/LMS_pro/backend/ml_models/all-MiniLM-L6-v2
INFO:app.services.embedding_service:Loaded embedding model: all-MiniLM-L6-v2
Process SpawnProcess-1:
Traceback (most recent call last):
  File "/Library/Frameworks/Python.framework/Versions/3.11/lib/python3.11/multiprocessing/process.py", line 314, in _bootstrap
    self.run()
  File "/Library/Frameworks/Python.framework/Versions/3.11/lib/python3.11/multiprocessing/process.py", line 108, in run
    self._target(*self._args, **self._kwargs)
  File "/Library/Frameworks/Python.framework/Versions/3.11/lib/python3.11/site-packages/uvicorn/_subprocess.py", line 80, in subprocess_started
    target(sockets=sockets)
  File "/Library/Frameworks/Python.framework/Versions/3.11/lib/python3.11/site-packages/uvicorn/server.py", line 67, in run
    return asyncio_run(self.serve(sockets=sockets), loop_factory=self.config.get_loop_factory())
           ^^^^^^^^^^^^^^^^^^^^^^^^^^^^^^^^^^^^^^^^^^^^^^^^^^^^^^^^^^^^^^^^^^^^^^^^^^^^^^^^^^^^^
  File "/Library/Frameworks/Python.framework/Versions/3.11/lib/python3.11/site-packages/uvicorn/_compat.py", line 30, in asyncio_run
    return runner.run(main)
           ^^^^^^^^^^^^^^^^
  File "/Library/Frameworks/Python.framework/Versions/3.11/lib/python3.11/asyncio/runners.py", line 118, in run
    return self._loop.run_until_complete(task)
           ^^^^^^^^^^^^^^^^^^^^^^^^^^^^^^^^^^^
  File "uvloop/loop.pyx", line 1518, in uvloop.loop.Loop.run_until_complete
  File "/Library/Frameworks/Python.framework/Versions/3.11/lib/python3.11/site-packages/uvicorn/server.py", line 71, in serve
    await self._serve(sockets)
  File "/Library/Frameworks/Python.framework/Versions/3.11/lib/python3.11/site-packages/uvicorn/server.py", line 78, in _serve
    config.load()
  File "/Library/Frameworks/Python.framework/Versions/3.11/lib/python3.11/site-packages/uvicorn/config.py", line 439, in load
    self.loaded_app = import_from_string(self.app)
                      ^^^^^^^^^^^^^^^^^^^^^^^^^^^^
  File "/Library/Frameworks/Python.framework/Versions/3.11/lib/python3.11/site-packages/uvicorn/importer.py", line 19, in import_from_string
    module = importlib.import_module(module_str)
             ^^^^^^^^^^^^^^^^^^^^^^^^^^^^^^^^^^^
  File "/Library/Frameworks/Python.framework/Versions/3.11/lib/python3.11/importlib/__init__.py", line 126, in import_module
    return _bootstrap._gcd_import(name[level:], package, level)
           ^^^^^^^^^^^^^^^^^^^^^^^^^^^^^^^^^^^^^^^^^^^^^^^^^^^^
  File "<frozen importlib._bootstrap>", line 1206, in _gcd_import
  File "<frozen importlib._bootstrap>", line 1178, in _find_and_load
  File "<frozen importlib._bootstrap>", line 1149, in _find_and_load_unlocked
  File "<frozen importlib._bootstrap>", line 690, in _load_unlocked
  File "<frozen importlib._bootstrap_external>", line 940, in exec_module
  File "<frozen importlib._bootstrap>", line 241, in _call_with_frames_removed
  File "/Users/joereynold/Downloads/j/LMS_pro/backend/app/main.py", line 229, in <module>
    from .services.generation_manager import generation_manager
  File "/Users/joereynold/Downloads/j/LMS_pro/backend/app/services/generation_manager.py", line 216
    target_topic_id = topic_ids[topic_index % len(topic_ids)] if topic_ids else None
IndentationError: unexpected indent
WARNING:  WatchFiles detected changes in 'app/prompts/generation_prompts.py'. Reloading...
INFO:app.services.embedding_service:Loading embedding model from local path: /Users/joereynold/Downloads/j/LMS_pro/backend/ml_models/all-MiniLM-L6-v2
INFO:sentence_transformers.SentenceTransformer:Use pytorch device_name: mps
INFO:sentence_transformers.SentenceTransformer:Load pretrained SentenceTransformer: /Users/joereynold/Downloads/j/LMS_pro/backend/ml_models/all-MiniLM-L6-v2
INFO:app.services.embedding_service:Loaded embedding model: all-MiniLM-L6-v2
INFO:app.services.vector_store:Initialized ChromaDB at /Users/joereynold/Downloads/j/LMS_pro/backend/data/chroma_data
INFO:app.services.embedding_service:Loading embedding model from local path: /Users/joereynold/Downloads/j/LMS_pro/backend/ml_models/all-MiniLM-L6-v2
INFO:sentence_transformers.SentenceTransformer:Use pytorch device_name: mps
INFO:sentence_transformers.SentenceTransformer:Load pretrained SentenceTransformer: /Users/joereynold/Downloads/j/LMS_pro/backend/ml_models/all-MiniLM-L6-v2
INFO:app.services.embedding_service:Loaded embedding model: all-MiniLM-L6-v2
INFO:app.services.vector_store:Initialized ChromaDB at /Users/joereynold/Downloads/j/LMS_pro/backend/data/chroma_data
INFO:app.services.embedding_service:Loading embedding model from local path: /Users/joereynold/Downloads/j/LMS_pro/backend/ml_models/all-MiniLM-L6-v2
INFO:sentence_transformers.SentenceTransformer:Use pytorch device_name: mps
INFO:sentence_transformers.SentenceTransformer:Load pretrained SentenceTransformer: /Users/joereynold/Downloads/j/LMS_pro/backend/ml_models/all-MiniLM-L6-v2
INFO:app.services.embedding_service:Loaded embedding model: all-MiniLM-L6-v2
INFO:app.services.vector_store:Initialized ChromaDB at /Users/joereynold/Downloads/j/LMS_pro/backend/data/chroma_data
INFO:app.services.vector_store:Initialized ChromaDB at /Users/joereynold/Downloads/j/LMS_pro/backend/data/chroma_data
INFO:app.services.vector_store:Initialized ChromaDB at /Users/joereynold/Downloads/j/LMS_pro/backend/data/chroma_data
INFO:app.services.embedding_service:Loading embedding model from local path: /Users/joereynold/Downloads/j/LMS_pro/backend/ml_models/all-MiniLM-L6-v2
INFO:sentence_transformers.SentenceTransformer:Use pytorch device_name: mps
INFO:sentence_transformers.SentenceTransformer:Load pretrained SentenceTransformer: /Users/joereynold/Downloads/j/LMS_pro/backend/ml_models/all-MiniLM-L6-v2
INFO:app.services.embedding_service:Loaded embedding model: all-MiniLM-L6-v2
INFO:app.services.embedding_service:Loading embedding model from local path: /Users/joereynold/Downloads/j/LMS_pro/backend/ml_models/all-MiniLM-L6-v2
INFO:sentence_transformers.SentenceTransformer:Use pytorch device_name: mps
INFO:sentence_transformers.SentenceTransformer:Load pretrained SentenceTransformer: /Users/joereynold/Downloads/j/LMS_pro/backend/ml_models/all-MiniLM-L6-v2
INFO:app.services.embedding_service:Loaded embedding model: all-MiniLM-L6-v2
INFO:app.services.vector_store:Initialized ChromaDB at /Users/joereynold/Downloads/j/LMS_pro/backend/data/chroma_data
INFO:app.services.embedding_service:Loading embedding model from local path: /Users/joereynold/Downloads/j/LMS_pro/backend/ml_models/all-MiniLM-L6-v2
INFO:sentence_transformers.SentenceTransformer:Use pytorch device_name: mps
INFO:sentence_transformers.SentenceTransformer:Load pretrained SentenceTransformer: /Users/joereynold/Downloads/j/LMS_pro/backend/ml_models/all-MiniLM-L6-v2
INFO:app.services.embedding_service:Loaded embedding model: all-MiniLM-L6-v2
INFO:app.services.vector_store:Initialized ChromaDB at /Users/joereynold/Downloads/j/LMS_pro/backend/data/chroma_data
INFO:app.services.embedding_service:Loading embedding model from local path: /Users/joereynold/Downloads/j/LMS_pro/backend/ml_models/all-MiniLM-L6-v2
INFO:sentence_transformers.SentenceTransformer:Use pytorch device_name: mps
INFO:sentence_transformers.SentenceTransformer:Load pretrained SentenceTransformer: /Users/joereynold/Downloads/j/LMS_pro/backend/ml_models/all-MiniLM-L6-v2
INFO:app.services.embedding_service:Loaded embedding model: all-MiniLM-L6-v2
INFO:app.services.vector_store:Initialized ChromaDB at /Users/joereynold/Downloads/j/LMS_pro/backend/data/chroma_data
INFO:app.services.embedding_service:Loading embedding model from local path: /Users/joereynold/Downloads/j/LMS_pro/backend/ml_models/all-MiniLM-L6-v2
INFO:sentence_transformers.SentenceTransformer:Use pytorch device_name: mps
INFO:sentence_transformers.SentenceTransformer:Load pretrained SentenceTransformer: /Users/joereynold/Downloads/j/LMS_pro/backend/ml_models/all-MiniLM-L6-v2
INFO:app.services.embedding_service:Loaded embedding model: all-MiniLM-L6-v2
INFO:app.services.vector_store:Initialized ChromaDB at /Users/joereynold/Downloads/j/LMS_pro/backend/data/chroma_data
INFO:app.services.embedding_service:Loading embedding model from local path: /Users/joereynold/Downloads/j/LMS_pro/backend/ml_models/all-MiniLM-L6-v2
INFO:sentence_transformers.SentenceTransformer:Use pytorch device_name: mps
INFO:sentence_transformers.SentenceTransformer:Load pretrained SentenceTransformer: /Users/joereynold/Downloads/j/LMS_pro/backend/ml_models/all-MiniLM-L6-v2
INFO:app.services.embedding_service:Loaded embedding model: all-MiniLM-L6-v2
Process SpawnProcess-2:
Traceback (most recent call last):
  File "/Library/Frameworks/Python.framework/Versions/3.11/lib/python3.11/multiprocessing/process.py", line 314, in _bootstrap
    self.run()
  File "/Library/Frameworks/Python.framework/Versions/3.11/lib/python3.11/multiprocessing/process.py", line 108, in run
    self._target(*self._args, **self._kwargs)
  File "/Library/Frameworks/Python.framework/Versions/3.11/lib/python3.11/site-packages/uvicorn/_subprocess.py", line 80, in subprocess_started
    target(sockets=sockets)
  File "/Library/Frameworks/Python.framework/Versions/3.11/lib/python3.11/site-packages/uvicorn/server.py", line 67, in run
    return asyncio_run(self.serve(sockets=sockets), loop_factory=self.config.get_loop_factory())
           ^^^^^^^^^^^^^^^^^^^^^^^^^^^^^^^^^^^^^^^^^^^^^^^^^^^^^^^^^^^^^^^^^^^^^^^^^^^^^^^^^^^^^
  File "/Library/Frameworks/Python.framework/Versions/3.11/lib/python3.11/site-packages/uvicorn/_compat.py", line 30, in asyncio_run
    return runner.run(main)
           ^^^^^^^^^^^^^^^^
  File "/Library/Frameworks/Python.framework/Versions/3.11/lib/python3.11/asyncio/runners.py", line 118, in run
    return self._loop.run_until_complete(task)
           ^^^^^^^^^^^^^^^^^^^^^^^^^^^^^^^^^^^
  File "uvloop/loop.pyx", line 1518, in uvloop.loop.Loop.run_until_complete
  File "/Library/Frameworks/Python.framework/Versions/3.11/lib/python3.11/site-packages/uvicorn/server.py", line 71, in serve
    await self._serve(sockets)
  File "/Library/Frameworks/Python.framework/Versions/3.11/lib/python3.11/site-packages/uvicorn/server.py", line 78, in _serve
    config.load()
  File "/Library/Frameworks/Python.framework/Versions/3.11/lib/python3.11/site-packages/uvicorn/config.py", line 439, in load
    self.loaded_app = import_from_string(self.app)
                      ^^^^^^^^^^^^^^^^^^^^^^^^^^^^
  File "/Library/Frameworks/Python.framework/Versions/3.11/lib/python3.11/site-packages/uvicorn/importer.py", line 19, in import_from_string
    module = importlib.import_module(module_str)
             ^^^^^^^^^^^^^^^^^^^^^^^^^^^^^^^^^^^
  File "/Library/Frameworks/Python.framework/Versions/3.11/lib/python3.11/importlib/__init__.py", line 126, in import_module
    return _bootstrap._gcd_import(name[level:], package, level)
           ^^^^^^^^^^^^^^^^^^^^^^^^^^^^^^^^^^^^^^^^^^^^^^^^^^^^
  File "<frozen importlib._bootstrap>", line 1206, in _gcd_import
  File "<frozen importlib._bootstrap>", line 1178, in _find_and_load
  File "<frozen importlib._bootstrap>", line 1149, in _find_and_load_unlocked
  File "<frozen importlib._bootstrap>", line 690, in _load_unlocked
  File "<frozen importlib._bootstrap_external>", line 940, in exec_module
  File "<frozen importlib._bootstrap>", line 241, in _call_with_frames_removed
  File "/Users/joereynold/Downloads/j/LMS_pro/backend/app/main.py", line 229, in <module>
    from .services.generation_manager import generation_manager
  File "/Users/joereynold/Downloads/j/LMS_pro/backend/app/services/generation_manager.py", line 216
    target_topic_id = topic_ids[topic_index % len(topic_ids)] if topic_ids else None
IndentationError: unexpected indent
WARNING:  WatchFiles detected changes in 'app/services/topic_actions_service.py'. Reloading...
INFO:app.services.embedding_service:Loading embedding model from local path: /Users/joereynold/Downloads/j/LMS_pro/backend/ml_models/all-MiniLM-L6-v2
INFO:sentence_transformers.SentenceTransformer:Use pytorch device_name: mps
INFO:sentence_transformers.SentenceTransformer:Load pretrained SentenceTransformer: /Users/joereynold/Downloads/j/LMS_pro/backend/ml_models/all-MiniLM-L6-v2
INFO:app.services.embedding_service:Loaded embedding model: all-MiniLM-L6-v2
INFO:app.services.vector_store:Initialized ChromaDB at /Users/joereynold/Downloads/j/LMS_pro/backend/data/chroma_data
INFO:app.services.embedding_service:Loading embedding model from local path: /Users/joereynold/Downloads/j/LMS_pro/backend/ml_models/all-MiniLM-L6-v2
INFO:sentence_transformers.SentenceTransformer:Use pytorch device_name: mps
INFO:sentence_transformers.SentenceTransformer:Load pretrained SentenceTransformer: /Users/joereynold/Downloads/j/LMS_pro/backend/ml_models/all-MiniLM-L6-v2
INFO:app.services.embedding_service:Loaded embedding model: all-MiniLM-L6-v2
INFO:app.services.vector_store:Initialized ChromaDB at /Users/joereynold/Downloads/j/LMS_pro/backend/data/chroma_data
INFO:app.services.embedding_service:Loading embedding model from local path: /Users/joereynold/Downloads/j/LMS_pro/backend/ml_models/all-MiniLM-L6-v2
INFO:sentence_transformers.SentenceTransformer:Use pytorch device_name: mps
INFO:sentence_transformers.SentenceTransformer:Load pretrained SentenceTransformer: /Users/joereynold/Downloads/j/LMS_pro/backend/ml_models/all-MiniLM-L6-v2
INFO:app.services.embedding_service:Loaded embedding model: all-MiniLM-L6-v2
INFO:app.services.vector_store:Initialized ChromaDB at /Users/joereynold/Downloads/j/LMS_pro/backend/data/chroma_data
INFO:app.services.vector_store:Initialized ChromaDB at /Users/joereynold/Downloads/j/LMS_pro/backend/data/chroma_data
INFO:app.services.vector_store:Initialized ChromaDB at /Users/joereynold/Downloads/j/LMS_pro/backend/data/chroma_data
INFO:app.services.embedding_service:Loading embedding model from local path: /Users/joereynold/Downloads/j/LMS_pro/backend/ml_models/all-MiniLM-L6-v2
INFO:sentence_transformers.SentenceTransformer:Use pytorch device_name: mps
INFO:sentence_transformers.SentenceTransformer:Load pretrained SentenceTransformer: /Users/joereynold/Downloads/j/LMS_pro/backend/ml_models/all-MiniLM-L6-v2
INFO:app.services.embedding_service:Loaded embedding model: all-MiniLM-L6-v2
INFO:app.services.embedding_service:Loading embedding model from local path: /Users/joereynold/Downloads/j/LMS_pro/backend/ml_models/all-MiniLM-L6-v2
INFO:sentence_transformers.SentenceTransformer:Use pytorch device_name: mps
INFO:sentence_transformers.SentenceTransformer:Load pretrained SentenceTransformer: /Users/joereynold/Downloads/j/LMS_pro/backend/ml_models/all-MiniLM-L6-v2
INFO:app.services.embedding_service:Loaded embedding model: all-MiniLM-L6-v2
INFO:app.services.vector_store:Initialized ChromaDB at /Users/joereynold/Downloads/j/LMS_pro/backend/data/chroma_data
INFO:app.services.embedding_service:Loading embedding model from local path: /Users/joereynold/Downloads/j/LMS_pro/backend/ml_models/all-MiniLM-L6-v2
INFO:sentence_transformers.SentenceTransformer:Use pytorch device_name: mps
INFO:sentence_transformers.SentenceTransformer:Load pretrained SentenceTransformer: /Users/joereynold/Downloads/j/LMS_pro/backend/ml_models/all-MiniLM-L6-v2
INFO:app.services.embedding_service:Loaded embedding model: all-MiniLM-L6-v2
INFO:app.services.vector_store:Initialized ChromaDB at /Users/joereynold/Downloads/j/LMS_pro/backend/data/chroma_data
INFO:app.services.embedding_service:Loading embedding model from local path: /Users/joereynold/Downloads/j/LMS_pro/backend/ml_models/all-MiniLM-L6-v2
INFO:sentence_transformers.SentenceTransformer:Use pytorch device_name: mps
INFO:sentence_transformers.SentenceTransformer:Load pretrained SentenceTransformer: /Users/joereynold/Downloads/j/LMS_pro/backend/ml_models/all-MiniLM-L6-v2
INFO:app.services.embedding_service:Loaded embedding model: all-MiniLM-L6-v2
INFO:app.services.vector_store:Initialized ChromaDB at /Users/joereynold/Downloads/j/LMS_pro/backend/data/chroma_data
INFO:app.services.embedding_service:Loading embedding model from local path: /Users/joereynold/Downloads/j/LMS_pro/backend/ml_models/all-MiniLM-L6-v2
INFO:sentence_transformers.SentenceTransformer:Use pytorch device_name: mps
INFO:sentence_transformers.SentenceTransformer:Load pretrained SentenceTransformer: /Users/joereynold/Downloads/j/LMS_pro/backend/ml_models/all-MiniLM-L6-v2
INFO:app.services.embedding_service:Loaded embedding model: all-MiniLM-L6-v2
INFO:app.services.vector_store:Initialized ChromaDB at /Users/joereynold/Downloads/j/LMS_pro/backend/data/chroma_data
INFO:app.services.embedding_service:Loading embedding model from local path: /Users/joereynold/Downloads/j/LMS_pro/backend/ml_models/all-MiniLM-L6-v2
INFO:sentence_transformers.SentenceTransformer:Use pytorch device_name: mps
INFO:sentence_transformers.SentenceTransformer:Load pretrained SentenceTransformer: /Users/joereynold/Downloads/j/LMS_pro/backend/ml_models/all-MiniLM-L6-v2
INFO:app.services.embedding_service:Loaded embedding model: all-MiniLM-L6-v2
Process SpawnProcess-3:
Traceback (most recent call last):
  File "/Library/Frameworks/Python.framework/Versions/3.11/lib/python3.11/multiprocessing/process.py", line 314, in _bootstrap
    self.run()
  File "/Library/Frameworks/Python.framework/Versions/3.11/lib/python3.11/multiprocessing/process.py", line 108, in run
    self._target(*self._args, **self._kwargs)
  File "/Library/Frameworks/Python.framework/Versions/3.11/lib/python3.11/site-packages/uvicorn/_subprocess.py", line 80, in subprocess_started
    target(sockets=sockets)
  File "/Library/Frameworks/Python.framework/Versions/3.11/lib/python3.11/site-packages/uvicorn/server.py", line 67, in run
    return asyncio_run(self.serve(sockets=sockets), loop_factory=self.config.get_loop_factory())
           ^^^^^^^^^^^^^^^^^^^^^^^^^^^^^^^^^^^^^^^^^^^^^^^^^^^^^^^^^^^^^^^^^^^^^^^^^^^^^^^^^^^^^
  File "/Library/Frameworks/Python.framework/Versions/3.11/lib/python3.11/site-packages/uvicorn/_compat.py", line 30, in asyncio_run
    return runner.run(main)
           ^^^^^^^^^^^^^^^^
  File "/Library/Frameworks/Python.framework/Versions/3.11/lib/python3.11/asyncio/runners.py", line 118, in run
    return self._loop.run_until_complete(task)
           ^^^^^^^^^^^^^^^^^^^^^^^^^^^^^^^^^^^
  File "uvloop/loop.pyx", line 1518, in uvloop.loop.Loop.run_until_complete
  File "/Library/Frameworks/Python.framework/Versions/3.11/lib/python3.11/site-packages/uvicorn/server.py", line 71, in serve
    await self._serve(sockets)
  File "/Library/Frameworks/Python.framework/Versions/3.11/lib/python3.11/site-packages/uvicorn/server.py", line 78, in _serve
    config.load()
  File "/Library/Frameworks/Python.framework/Versions/3.11/lib/python3.11/site-packages/uvicorn/config.py", line 439, in load
    self.loaded_app = import_from_string(self.app)
                      ^^^^^^^^^^^^^^^^^^^^^^^^^^^^
  File "/Library/Frameworks/Python.framework/Versions/3.11/lib/python3.11/site-packages/uvicorn/importer.py", line 19, in import_from_string
    module = importlib.import_module(module_str)
             ^^^^^^^^^^^^^^^^^^^^^^^^^^^^^^^^^^^
  File "/Library/Frameworks/Python.framework/Versions/3.11/lib/python3.11/importlib/__init__.py", line 126, in import_module
    return _bootstrap._gcd_import(name[level:], package, level)
           ^^^^^^^^^^^^^^^^^^^^^^^^^^^^^^^^^^^^^^^^^^^^^^^^^^^^
  File "<frozen importlib._bootstrap>", line 1206, in _gcd_import
  File "<frozen importlib._bootstrap>", line 1178, in _find_and_load
  File "<frozen importlib._bootstrap>", line 1149, in _find_and_load_unlocked
  File "<frozen importlib._bootstrap>", line 690, in _load_unlocked
  File "<frozen importlib._bootstrap_external>", line 940, in exec_module
  File "<frozen importlib._bootstrap>", line 241, in _call_with_frames_removed
  File "/Users/joereynold/Downloads/j/LMS_pro/backend/app/main.py", line 229, in <module>
    from .services.generation_manager import generation_manager
  File "/Users/joereynold/Downloads/j/LMS_pro/backend/app/services/generation_manager.py", line 216
    target_topic_id = topic_ids[topic_index % len(topic_ids)] if topic_ids else None
IndentationError: unexpected indent
WARNING:  WatchFiles detected changes in 'app/services/rag_service.py'. Reloading...
INFO:app.services.embedding_service:Loading embedding model from local path: /Users/joereynold/Downloads/j/LMS_pro/backend/ml_models/all-MiniLM-L6-v2
INFO:sentence_transformers.SentenceTransformer:Use pytorch device_name: mps
INFO:sentence_transformers.SentenceTransformer:Load pretrained SentenceTransformer: /Users/joereynold/Downloads/j/LMS_pro/backend/ml_models/all-MiniLM-L6-v2
INFO:app.services.embedding_service:Loaded embedding model: all-MiniLM-L6-v2
INFO:app.services.vector_store:Initialized ChromaDB at /Users/joereynold/Downloads/j/LMS_pro/backend/data/chroma_data
INFO:app.services.embedding_service:Loading embedding model from local path: /Users/joereynold/Downloads/j/LMS_pro/backend/ml_models/all-MiniLM-L6-v2
INFO:sentence_transformers.SentenceTransformer:Use pytorch device_name: mps
INFO:sentence_transformers.SentenceTransformer:Load pretrained SentenceTransformer: /Users/joereynold/Downloads/j/LMS_pro/backend/ml_models/all-MiniLM-L6-v2
INFO:app.services.embedding_service:Loaded embedding model: all-MiniLM-L6-v2
INFO:app.services.vector_store:Initialized ChromaDB at /Users/joereynold/Downloads/j/LMS_pro/backend/data/chroma_data
INFO:app.services.embedding_service:Loading embedding model from local path: /Users/joereynold/Downloads/j/LMS_pro/backend/ml_models/all-MiniLM-L6-v2
INFO:sentence_transformers.SentenceTransformer:Use pytorch device_name: mps
INFO:sentence_transformers.SentenceTransformer:Load pretrained SentenceTransformer: /Users/joereynold/Downloads/j/LMS_pro/backend/ml_models/all-MiniLM-L6-v2
INFO:app.services.embedding_service:Loaded embedding model: all-MiniLM-L6-v2
INFO:app.services.vector_store:Initialized ChromaDB at /Users/joereynold/Downloads/j/LMS_pro/backend/data/chroma_data
INFO:app.services.vector_store:Initialized ChromaDB at /Users/joereynold/Downloads/j/LMS_pro/backend/data/chroma_data
INFO:app.services.vector_store:Initialized ChromaDB at /Users/joereynold/Downloads/j/LMS_pro/backend/data/chroma_data
INFO:app.services.embedding_service:Loading embedding model from local path: /Users/joereynold/Downloads/j/LMS_pro/backend/ml_models/all-MiniLM-L6-v2
INFO:sentence_transformers.SentenceTransformer:Use pytorch device_name: mps
INFO:sentence_transformers.SentenceTransformer:Load pretrained SentenceTransformer: /Users/joereynold/Downloads/j/LMS_pro/backend/ml_models/all-MiniLM-L6-v2
INFO:app.services.embedding_service:Loaded embedding model: all-MiniLM-L6-v2
INFO:app.services.embedding_service:Loading embedding model from local path: /Users/joereynold/Downloads/j/LMS_pro/backend/ml_models/all-MiniLM-L6-v2
INFO:sentence_transformers.SentenceTransformer:Use pytorch device_name: mps
INFO:sentence_transformers.SentenceTransformer:Load pretrained SentenceTransformer: /Users/joereynold/Downloads/j/LMS_pro/backend/ml_models/all-MiniLM-L6-v2
INFO:app.services.embedding_service:Loaded embedding model: all-MiniLM-L6-v2
INFO:app.services.vector_store:Initialized ChromaDB at /Users/joereynold/Downloads/j/LMS_pro/backend/data/chroma_data
INFO:app.services.embedding_service:Loading embedding model from local path: /Users/joereynold/Downloads/j/LMS_pro/backend/ml_models/all-MiniLM-L6-v2
INFO:sentence_transformers.SentenceTransformer:Use pytorch device_name: mps
INFO:sentence_transformers.SentenceTransformer:Load pretrained SentenceTransformer: /Users/joereynold/Downloads/j/LMS_pro/backend/ml_models/all-MiniLM-L6-v2
INFO:app.services.embedding_service:Loaded embedding model: all-MiniLM-L6-v2
INFO:app.services.vector_store:Initialized ChromaDB at /Users/joereynold/Downloads/j/LMS_pro/backend/data/chroma_data
INFO:app.services.embedding_service:Loading embedding model from local path: /Users/joereynold/Downloads/j/LMS_pro/backend/ml_models/all-MiniLM-L6-v2
INFO:sentence_transformers.SentenceTransformer:Use pytorch device_name: mps
INFO:sentence_transformers.SentenceTransformer:Load pretrained SentenceTransformer: /Users/joereynold/Downloads/j/LMS_pro/backend/ml_models/all-MiniLM-L6-v2
INFO:app.services.embedding_service:Loaded embedding model: all-MiniLM-L6-v2
INFO:app.services.vector_store:Initialized ChromaDB at /Users/joereynold/Downloads/j/LMS_pro/backend/data/chroma_data
INFO:app.services.embedding_service:Loading embedding model from local path: /Users/joereynold/Downloads/j/LMS_pro/backend/ml_models/all-MiniLM-L6-v2
INFO:sentence_transformers.SentenceTransformer:Use pytorch device_name: mps
INFO:sentence_transformers.SentenceTransformer:Load pretrained SentenceTransformer: /Users/joereynold/Downloads/j/LMS_pro/backend/ml_models/all-MiniLM-L6-v2
INFO:app.services.embedding_service:Loaded embedding model: all-MiniLM-L6-v2
INFO:app.services.vector_store:Initialized ChromaDB at /Users/joereynold/Downloads/j/LMS_pro/backend/data/chroma_data
INFO:app.services.embedding_service:Loading embedding model from local path: /Users/joereynold/Downloads/j/LMS_pro/backend/ml_models/all-MiniLM-L6-v2
INFO:sentence_transformers.SentenceTransformer:Use pytorch device_name: mps
INFO:sentence_transformers.SentenceTransformer:Load pretrained SentenceTransformer: /Users/joereynold/Downloads/j/LMS_pro/backend/ml_models/all-MiniLM-L6-v2
INFO:app.services.embedding_service:Loaded embedding model: all-MiniLM-L6-v2
Process SpawnProcess-4:
Traceback (most recent call last):
  File "/Library/Frameworks/Python.framework/Versions/3.11/lib/python3.11/multiprocessing/process.py", line 314, in _bootstrap
    self.run()
  File "/Library/Frameworks/Python.framework/Versions/3.11/lib/python3.11/multiprocessing/process.py", line 108, in run
    self._target(*self._args, **self._kwargs)
  File "/Library/Frameworks/Python.framework/Versions/3.11/lib/python3.11/site-packages/uvicorn/_subprocess.py", line 80, in subprocess_started
    target(sockets=sockets)
  File "/Library/Frameworks/Python.framework/Versions/3.11/lib/python3.11/site-packages/uvicorn/server.py", line 67, in run
    return asyncio_run(self.serve(sockets=sockets), loop_factory=self.config.get_loop_factory())
           ^^^^^^^^^^^^^^^^^^^^^^^^^^^^^^^^^^^^^^^^^^^^^^^^^^^^^^^^^^^^^^^^^^^^^^^^^^^^^^^^^^^^^
  File "/Library/Frameworks/Python.framework/Versions/3.11/lib/python3.11/site-packages/uvicorn/_compat.py", line 30, in asyncio_run
    return runner.run(main)
           ^^^^^^^^^^^^^^^^
  File "/Library/Frameworks/Python.framework/Versions/3.11/lib/python3.11/asyncio/runners.py", line 118, in run
    return self._loop.run_until_complete(task)
           ^^^^^^^^^^^^^^^^^^^^^^^^^^^^^^^^^^^
  File "uvloop/loop.pyx", line 1518, in uvloop.loop.Loop.run_until_complete
  File "/Library/Frameworks/Python.framework/Versions/3.11/lib/python3.11/site-packages/uvicorn/server.py", line 71, in serve
    await self._serve(sockets)
  File "/Library/Frameworks/Python.framework/Versions/3.11/lib/python3.11/site-packages/uvicorn/server.py", line 78, in _serve
    config.load()
  File "/Library/Frameworks/Python.framework/Versions/3.11/lib/python3.11/site-packages/uvicorn/config.py", line 439, in load
    self.loaded_app = import_from_string(self.app)
                      ^^^^^^^^^^^^^^^^^^^^^^^^^^^^
  File "/Library/Frameworks/Python.framework/Versions/3.11/lib/python3.11/site-packages/uvicorn/importer.py", line 19, in import_from_string
    module = importlib.import_module(module_str)
             ^^^^^^^^^^^^^^^^^^^^^^^^^^^^^^^^^^^
  File "/Library/Frameworks/Python.framework/Versions/3.11/lib/python3.11/importlib/__init__.py", line 126, in import_module
    return _bootstrap._gcd_import(name[level:], package, level)
           ^^^^^^^^^^^^^^^^^^^^^^^^^^^^^^^^^^^^^^^^^^^^^^^^^^^^
  File "<frozen importlib._bootstrap>", line 1206, in _gcd_import
  File "<frozen importlib._bootstrap>", line 1178, in _find_and_load
  File "<frozen importlib._bootstrap>", line 1149, in _find_and_load_unlocked
  File "<frozen importlib._bootstrap>", line 690, in _load_unlocked
  File "<frozen importlib._bootstrap_external>", line 940, in exec_module
  File "<frozen importlib._bootstrap>", line 241, in _call_with_frames_removed
  File "/Users/joereynold/Downloads/j/LMS_pro/backend/app/main.py", line 229, in <module>
    from .services.generation_manager import generation_manager
  File "/Users/joereynold/Downloads/j/LMS_pro/backend/app/services/generation_manager.py", line 216
    target_topic_id = topic_ids[topic_index % len(topic_ids)] if topic_ids else None
IndentationError: unexpected indent
